{"/Users/evestockstill/careerTrack/labfourCareer/models/Bar.js": {"path":"/Users/evestockstill/careerTrack/labfourCareer/models/Bar.js","statementMap":{"0":{"start":{"line":1,"column":17},"end":{"line":1,"column":36}},"1":{"start":{"line":3,"column":15},"end":{"line":25,"column":2}},"2":{"start":{"line":27,"column":0},"end":{"line":27,"column":47}}},"fnMap":{},"branchMap":{},"s":{"0":1,"1":1,"2":1},"f":{},"b":{},"_coverageSchema":"43e27e138ebf9cfc5966b082cf9a028302ed4184","hash":"26ce7ce7dd2d14c1b76fe6bb80363e706982b3d3"}
,"/Users/evestockstill/careerTrack/labfourCareer/models/Cat.js": {"path":"/Users/evestockstill/careerTrack/labfourCareer/models/Cat.js","statementMap":{"0":{"start":{"line":1,"column":17},"end":{"line":1,"column":36}},"1":{"start":{"line":3,"column":15},"end":{"line":22,"column":2}},"2":{"start":{"line":23,"column":0},"end":{"line":23,"column":47}}},"fnMap":{},"branchMap":{},"s":{"0":1,"1":1,"2":1},"f":{},"b":{},"_coverageSchema":"43e27e138ebf9cfc5966b082cf9a028302ed4184","hash":"e3687d0e9b801792bc014ca62c2902bc40c1bd34"}
,"/Users/evestockstill/careerTrack/labfourCareer/models/Company.js": {"path":"/Users/evestockstill/careerTrack/labfourCareer/models/Company.js","statementMap":{"0":{"start":{"line":2,"column":17},"end":{"line":2,"column":36}},"1":{"start":{"line":4,"column":15},"end":{"line":23,"column":2}},"2":{"start":{"line":25,"column":0},"end":{"line":25,"column":51}}},"fnMap":{},"branchMap":{},"s":{"0":1,"1":1,"2":1},"f":{},"b":{},"_coverageSchema":"43e27e138ebf9cfc5966b082cf9a028302ed4184","hash":"48f8c66993840efecb5233ca077ca9ef34e73155"}
,"/Users/evestockstill/careerTrack/labfourCareer/models/People.js": {"path":"/Users/evestockstill/careerTrack/labfourCareer/models/People.js","statementMap":{"0":{"start":{"line":1,"column":17},"end":{"line":1,"column":36}},"1":{"start":{"line":3,"column":15},"end":{"line":22,"column":2}},"2":{"start":{"line":23,"column":0},"end":{"line":23,"column":50}}},"fnMap":{},"branchMap":{},"s":{"0":1,"1":1,"2":1},"f":{},"b":{},"_coverageSchema":"43e27e138ebf9cfc5966b082cf9a028302ed4184","hash":"794ab4aa83bbea51ad06abb45e031eb611f23d5c"}
}
